<?xml version="1.0" encoding="UTF-8"?>
<!-- Generated by org.testng.reporters.JUnitReportReporter -->
<testsuite skipped="0" hostname="DESKTOP-5IVSICI" name="testcases.ReddiffLogIn" tests="1" failures="0" timestamp="2020-04-06T11:05:42 IST" time="20.238" errors="0">
  <testcase name="LogIn" time="20.238" classname="testcases.ReddiffLogIn"/>
  <system-out/>
</testsuite> <!-- testcases.ReddiffLogIn -->
